<?xml version="1.0" encoding="UTF-8"?>
<testsuite xmlns:xsi="http://www.w3.org/2001/XMLSchema-instance" xsi:noNamespaceSchemaLocation="https://maven.apache.org/surefire/maven-surefire-plugin/xsd/surefire-test-report-3.0.xsd" version="3.0" name="CalculatorTest" time="0.023" tests="8" errors="0" skipped="0" failures="0">
  <properties>
[...]
</properties>
  <testcase name="checkMultiply" classname="CalculatorTest" time="0.001"/>
  <testcase name="checkPower" classname="CalculatorTest" time="0"/>
  <testcase name="checkLogarithm" classname="CalculatorTest" time="0"/>
  <testcase name="checkDivide" classname="CalculatorTest" time="0"/>
  <testcase name="checkSubtract" classname="CalculatorTest" time="0"/>
  <testcase name="checkFactorial" classname="CalculatorTest" time="0"/>
  <testcase name="checkSquare" classname="CalculatorTest" time="0"/>
  <testcase name="checkAdd" classname="CalculatorTest" time="0"/>
</testsuite>